0 silly argv { _: [ 'version' ],
0 silly argv   lernaVersion: '3.15.0',
0 silly argv   '$0':
0 silly argv    'C:\\Users\\Sudhakar\\AppData\\Roaming\\npm\\node_modules\\lerna\\cli.js' }
1 notice cli v3.15.0
2 verbose rootPath D:\Training\lerna\semver-libs
3 info versioning independent
4 silly isAnythingCommitted
5 verbose isAnythingCommitted 1
6 silly currentBranch
7 verbose currentBranch master
8 silly remoteBranchExists
9 silly isBehindUpstream
10 silly isBehindUpstream master is behind origin/master by 0 commit(s) and ahead by 1
11 silly hasTags
12 verbose hasTags false
13 info Assuming all packages changed
14 verbose updated button
15 verbose updated input
16 verbose git-describe undefined => "6f4599e"
17 silly git-describe parsed => {"refCount":"4","sha":"6f4599e","isDirty":false}
18 silly independent for button at D:\Training\lerna\semver-libs\projects\button
19 verbose getChangelogConfig using preset "conventional-changelog-angular"
20 silly npa { type: 'tag',
20 silly npa   registry: true,
20 silly npa   where: undefined,
20 silly npa   raw: 'conventional-changelog-angular',
20 silly npa   name: 'conventional-changelog-angular',
20 silly npa   escapedName: 'conventional-changelog-angular',
20 silly npa   scope: undefined,
20 silly npa   rawSpec: '',
20 silly npa   saveSpec: null,
20 silly npa   fetchSpec: 'latest',
20 silly npa   gitRange: undefined,
20 silly npa   gitCommittish: undefined,
20 silly npa   hosted: undefined }
21 verbose getChangelogConfig Attempting to resolve preset "conventional-changelog-angular"
22 info getChangelogConfig Successfully resolved preset "conventional-changelog-angular"
23 verbose independent increment 0.0.1 by patch
24 silly independent for input at D:\Training\lerna\semver-libs\projects\input
25 verbose independent increment 0.0.1 by patch
26 info execute Skipping releases
27 silly lifecycle No script for "preversion" in "semver-libs", continuing
28 silly lifecycle No script for "preversion" in "button", continuing
29 silly lifecycle No script for "preversion" in "input", continuing
30 silly lifecycle No script for "version" in "input", continuing
31 silly independent for input at D:\Training\lerna\semver-libs\projects\input
32 silly lifecycle No script for "version" in "button", continuing
33 silly independent for button at D:\Training\lerna\semver-libs\projects\button
34 silly independent writing new entry: "## 0.0.2 (2019-08-13)\n\n**Note:** Version bump only for package input\n\n\n\n"
35 verbose independent wrote D:\Training\lerna\semver-libs\projects\input\CHANGELOG.md
36 silly independent writing new entry: "## 0.0.2 (2019-08-13)\n\n**Note:** Version bump only for package button\n\n\n\n"
37 verbose independent wrote D:\Training\lerna\semver-libs\projects\button\CHANGELOG.md
38 silly lifecycle No script for "version" in "semver-libs", continuing
39 silly gitAdd [ 'D:\\Training\\lerna\\semver-libs\\projects\\input\\package.json',
39 silly gitAdd   'D:\\Training\\lerna\\semver-libs\\projects\\button\\package.json',
39 silly gitAdd   'D:\\Training\\lerna\\semver-libs\\projects\\input\\CHANGELOG.md',
39 silly gitAdd   'D:\\Training\\lerna\\semver-libs\\projects\\button\\CHANGELOG.md' ]
40 silly gitCommit chore{release}: release
40 silly gitCommit
40 silly gitCommit  - button@0.0.2
40 silly gitCommit  - input@0.0.2
41 verbose git [ 'commit',
41 verbose git   '-F',
41 verbose git   'C:\\Users\\Sudhakar\\AppData\\Local\\Temp\\37c1e15a-43d8-4ded-827a-14cc9b774707\\lerna-commit.txt' ]
42 silly gitTag button@0.0.2
43 verbose git [ 'tag', 'button@0.0.2', '-m', 'button@0.0.2' ]
44 silly gitTag input@0.0.2
45 verbose git [ 'tag', 'input@0.0.2', '-m', 'input@0.0.2' ]
46 silly lifecycle No script for "postversion" in "button", continuing
47 silly lifecycle No script for "postversion" in "input", continuing
48 silly lifecycle No script for "postversion" in "semver-libs", continuing
49 info git Pushing tags...
50 silly gitPush origin master
51 error Error: Command failed: git push --follow-tags --no-verify origin master
51 error remote: Invalid username or password.
51 error fatal: Authentication failed for 'https://github.com/sudhakars4tf/semver-libs.git/'
51 error
51 error     at makeError (C:\Users\Sudhakar\AppData\Roaming\npm\node_modules\lerna\node_modules\execa\index.js:174:9)
51 error     at Promise.all.then.arr (C:\Users\Sudhakar\AppData\Roaming\npm\node_modules\lerna\node_modules\execa\index.js:278:16)
